2018-02-27 21:50:48.913 [main] INFO  com.spb.springboot.SpringbootApplication - Starting SpringbootApplication on DESKTOP-AK99B8E with PID 7656 (E:\JavaApplication\IdeaProject\springboot\target\classes started by yangjun in E:\JavaApplication\IdeaProject\springboot)
2018-02-27 21:50:48.917 [main] INFO  com.spb.springboot.SpringbootApplication - No active profile set, falling back to default profiles: default
2018-02-27 21:50:48.958 [main] INFO  o.s.b.c.e.AnnotationConfigEmbeddedWebApplicationContext - Refreshing org.springframework.boot.context.embedded.AnnotationConfigEmbeddedWebApplicationContext@2826f61: startup date [Tue Feb 27 21:50:48 CST 2018]; root of context hierarchy
2018-02-27 21:50:49.089 [background-preinit] INFO  org.hibernate.validator.internal.util.Version - HV000001: Hibernate Validator 5.3.6.Final
2018-02-27 21:50:50.241 [main] INFO  o.s.c.s.PostProcessorRegistrationDelegate$BeanPostProcessorChecker - Bean 'org.springframework.transaction.annotation.ProxyTransactionManagementConfiguration' of type [org.springframework.transaction.annotation.ProxyTransactionManagementConfiguration$$EnhancerBySpringCGLIB$$4daa17dc] is not eligible for getting processed by all BeanPostProcessors (for example: not eligible for auto-proxying)
2018-02-27 21:50:50.797 [main] INFO  o.s.b.c.e.tomcat.TomcatEmbeddedServletContainer - Tomcat initialized with port(s): 8080 (http)
2018-02-27 21:50:50.805 [main] INFO  org.apache.catalina.core.StandardService - Starting service [Tomcat]
2018-02-27 21:50:50.806 [main] INFO  org.apache.catalina.core.StandardEngine - Starting Servlet Engine: Apache Tomcat/8.5.27
2018-02-27 21:50:51.141 [localhost-startStop-1] INFO  org.apache.jasper.servlet.TldScanner - At least one JAR was scanned for TLDs yet contained no TLDs. Enable debug logging for this logger for a complete list of JARs that were scanned but no TLDs were found in them. Skipping unneeded JARs during scanning can improve startup time and JSP compilation time.
2018-02-27 21:50:51.146 [localhost-startStop-1] INFO  o.a.c.core.ContainerBase.[Tomcat].[localhost].[/] - Initializing Spring embedded WebApplicationContext
2018-02-27 21:50:51.146 [localhost-startStop-1] INFO  org.springframework.web.context.ContextLoader - Root WebApplicationContext: initialization completed in 2188 ms
2018-02-27 21:50:51.374 [localhost-startStop-1] INFO  o.s.boot.web.servlet.ServletRegistrationBean - Mapping servlet: 'statViewServlet' to [/druid/*]
2018-02-27 21:50:51.376 [localhost-startStop-1] INFO  o.s.boot.web.servlet.ServletRegistrationBean - Mapping servlet: 'dispatcherServlet' to [/]
2018-02-27 21:50:51.377 [localhost-startStop-1] INFO  o.s.boot.web.servlet.ServletRegistrationBean - Mapping servlet: 'com.spb.springboot.servlet.TestServlet' to [/test2]
2018-02-27 21:50:51.380 [localhost-startStop-1] INFO  o.s.boot.web.servlet.FilterRegistrationBean - Mapping filter: 'characterEncodingFilter' to: [/*]
2018-02-27 21:50:51.380 [localhost-startStop-1] INFO  o.s.boot.web.servlet.FilterRegistrationBean - Mapping filter: 'hiddenHttpMethodFilter' to: [/*]
2018-02-27 21:50:51.380 [localhost-startStop-1] INFO  o.s.boot.web.servlet.FilterRegistrationBean - Mapping filter: 'httpPutFormContentFilter' to: [/*]
2018-02-27 21:50:51.381 [localhost-startStop-1] INFO  o.s.boot.web.servlet.FilterRegistrationBean - Mapping filter: 'requestContextFilter' to: [/*]
2018-02-27 21:50:51.381 [localhost-startStop-1] INFO  o.s.boot.web.servlet.FilterRegistrationBean - Mapping filter: 'webStatFilter' to urls: [/*]
2018-02-27 21:50:51.606 [main] INFO  o.s.orm.jpa.LocalContainerEntityManagerFactoryBean - Building JPA container EntityManagerFactory for persistence unit 'default'
2018-02-27 21:50:51.617 [main] INFO  org.hibernate.jpa.internal.util.LogHelper - HHH000204: Processing PersistenceUnitInfo [
	name: default
	...]
2018-02-27 21:50:51.684 [main] INFO  org.hibernate.Version - HHH000412: Hibernate Core {5.0.12.Final}
2018-02-27 21:50:51.685 [main] INFO  org.hibernate.cfg.Environment - HHH000206: hibernate.properties not found
2018-02-27 21:50:51.686 [main] INFO  org.hibernate.cfg.Environment - HHH000021: Bytecode provider name : javassist
2018-02-27 21:50:51.730 [main] INFO  org.hibernate.annotations.common.Version - HCANN000001: Hibernate Commons Annotations {5.0.1.Final}
2018-02-27 21:50:51.866 [main] INFO  com.alibaba.druid.pool.DruidDataSource - {dataSource-1} inited
2018-02-27 21:50:52.018 [main] INFO  org.hibernate.dialect.Dialect - HHH000400: Using dialect: org.hibernate.dialect.MySQL5Dialect
2018-02-27 21:50:52.652 [main] INFO  org.hibernate.tool.hbm2ddl.SchemaUpdate - HHH000228: Running hbm2ddl schema update
2018-02-27 21:50:53.041 [main] INFO  o.s.orm.jpa.LocalContainerEntityManagerFactoryBean - Initialized JPA EntityManagerFactory for persistence unit 'default'
2018-02-27 21:50:53.720 [main] INFO  o.s.w.s.m.m.a.RequestMappingHandlerAdapter - Looking for @ControllerAdvice: org.springframework.boot.context.embedded.AnnotationConfigEmbeddedWebApplicationContext@2826f61: startup date [Tue Feb 27 21:50:48 CST 2018]; root of context hierarchy
2018-02-27 21:50:53.787 [main] INFO  o.s.w.s.m.m.a.RequestMappingHandlerMapping - Mapped "{[/hello],methods=[GET]}" onto public java.lang.String com.spb.springboot.controller.HelloWordController.index()
2018-02-27 21:50:53.788 [main] INFO  o.s.w.s.m.m.a.RequestMappingHandlerMapping - Mapped "{[/index],methods=[GET]}" onto public java.lang.String com.spb.springboot.controller.IndexController.index()
2018-02-27 21:50:53.791 [main] INFO  o.s.w.s.m.m.a.RequestMappingHandlerMapping - Mapped "{[/logger/getLogin],methods=[GET]}" onto public com.alibaba.fastjson.JSONObject com.spb.springboot.controller.LoggerController.login(javax.servlet.http.HttpServletRequest,java.lang.String) throws java.lang.Exception
2018-02-27 21:50:53.792 [main] INFO  o.s.w.s.m.m.a.RequestMappingHandlerMapping - Mapped "{[/fileupload],methods=[GET]}" onto public java.lang.String com.spb.springboot.filetools.UploadController.index()
2018-02-27 21:50:53.792 [main] INFO  o.s.w.s.m.m.a.RequestMappingHandlerMapping - Mapped "{[/upload],methods=[POST]}" onto public java.lang.String com.spb.springboot.filetools.UploadController.upload(javax.servlet.http.HttpServletRequest,org.springframework.web.multipart.MultipartFile)
2018-02-27 21:50:53.792 [main] INFO  o.s.w.s.m.m.a.RequestMappingHandlerMapping - Mapped "{[/uploads],methods=[POST]}" onto public java.lang.String com.spb.springboot.filetools.UploadController.uploads(javax.servlet.http.HttpServletRequest,org.springframework.web.multipart.MultipartFile[])
2018-02-27 21:50:53.792 [main] INFO  o.s.w.s.m.m.a.RequestMappingHandlerMapping - Mapped "{[/logback]}" onto public java.lang.String com.spb.springboot.logback.LogBackController.logBack()
2018-02-27 21:50:53.793 [main] INFO  o.s.w.s.m.m.a.RequestMappingHandlerMapping - Mapped "{[/user/test]}" onto public java.lang.String com.spb.springboot.usertools.LoginController.test(java.lang.String,java.lang.String)
2018-02-27 21:50:53.793 [main] INFO  o.s.w.s.m.m.a.RequestMappingHandlerMapping - Mapped "{[/user/login]}" onto public java.lang.String com.spb.springboot.usertools.LoginController.login(com.spb.springboot.usertools.UserEntity,javax.servlet.http.HttpServletRequest)
2018-02-27 21:50:53.794 [main] INFO  o.s.w.s.m.m.a.RequestMappingHandlerMapping - Mapped "{[/user/delete],methods=[GET]}" onto public java.util.List<com.spb.springboot.usertools.UserEntity> com.spb.springboot.usertools.UserController.delete(java.lang.Long)
2018-02-27 21:50:53.794 [main] INFO  o.s.w.s.m.m.a.RequestMappingHandlerMapping - Mapped "{[/user/list],methods=[GET]}" onto public java.util.List<com.spb.springboot.usertools.UserEntity> com.spb.springboot.usertools.UserController.list()
2018-02-27 21:50:53.794 [main] INFO  o.s.w.s.m.m.a.RequestMappingHandlerMapping - Mapped "{[/user/save],methods=[GET]}" onto public com.spb.springboot.usertools.UserEntity com.spb.springboot.usertools.UserController.save(com.spb.springboot.usertools.UserEntity)
2018-02-27 21:50:53.795 [main] INFO  o.s.w.s.m.m.a.RequestMappingHandlerMapping - Mapped "{[/user/index],methods=[GET]}" onto public java.lang.String com.spb.springboot.usertools.UserLoginController.index()
2018-02-27 21:50:53.795 [main] INFO  o.s.w.s.m.m.a.RequestMappingHandlerMapping - Mapped "{[/user/login_view],methods=[GET]}" onto public java.lang.String com.spb.springboot.usertools.UserLoginController.login_view()
2018-02-27 21:50:53.798 [main] INFO  o.s.w.s.m.m.a.RequestMappingHandlerMapping - Mapped "{[/error]}" onto public org.springframework.http.ResponseEntity<java.util.Map<java.lang.String, java.lang.Object>> org.springframework.boot.autoconfigure.web.BasicErrorController.error(javax.servlet.http.HttpServletRequest)
2018-02-27 21:50:53.798 [main] INFO  o.s.w.s.m.m.a.RequestMappingHandlerMapping - Mapped "{[/error],produces=[text/html]}" onto public org.springframework.web.servlet.ModelAndView org.springframework.boot.autoconfigure.web.BasicErrorController.errorHtml(javax.servlet.http.HttpServletRequest,javax.servlet.http.HttpServletResponse)
2018-02-27 21:50:53.831 [main] INFO  o.s.web.servlet.handler.SimpleUrlHandlerMapping - Mapped URL path [/spb/springboot/resources] onto handler of type [class org.springframework.web.servlet.resource.ResourceHttpRequestHandler]
2018-02-27 21:50:53.831 [main] INFO  o.s.web.servlet.handler.SimpleUrlHandlerMapping - Mapped URL path [/webjars/**] onto handler of type [class org.springframework.web.servlet.resource.ResourceHttpRequestHandler]
2018-02-27 21:50:53.831 [main] INFO  o.s.web.servlet.handler.SimpleUrlHandlerMapping - Mapped URL path [/**] onto handler of type [class org.springframework.web.servlet.resource.ResourceHttpRequestHandler]
2018-02-27 21:50:53.874 [main] INFO  o.s.web.servlet.handler.SimpleUrlHandlerMapping - Mapped URL path [/**/favicon.ico] onto handler of type [class org.springframework.web.servlet.resource.ResourceHttpRequestHandler]
2018-02-27 21:50:54.269 [main] INFO  o.s.jmx.export.annotation.AnnotationMBeanExporter - Registering beans for JMX exposure on startup
2018-02-27 21:50:54.270 [main] INFO  o.s.jmx.export.annotation.AnnotationMBeanExporter - Bean with name 'dataSource' has been autodetected for JMX exposure
2018-02-27 21:50:54.275 [main] INFO  o.s.jmx.export.annotation.AnnotationMBeanExporter - Located MBean 'dataSource': registering with JMX server as MBean [com.alibaba.druid.pool:name=dataSource,type=DruidDataSource]
2018-02-27 21:50:54.285 [main] INFO  org.apache.coyote.http11.Http11NioProtocol - Initializing ProtocolHandler ["http-nio-8080"]
2018-02-27 21:50:54.293 [main] INFO  org.apache.coyote.http11.Http11NioProtocol - Starting ProtocolHandler ["http-nio-8080"]
2018-02-27 21:50:54.306 [main] INFO  org.apache.tomcat.util.net.NioSelectorPool - Using a shared selector for servlet write/read
2018-02-27 21:50:54.345 [main] INFO  o.s.b.c.e.tomcat.TomcatEmbeddedServletContainer - Tomcat started on port(s): 8080 (http)
2018-02-27 21:50:54.357 [main] INFO  com.spb.springboot.SpringbootApplication - Started SpringbootApplication in 5.787 seconds (JVM running for 6.775)
2018-02-27 21:53:34.261 [main] INFO  com.spb.springboot.SpringbootApplication - Starting SpringbootApplication on DESKTOP-AK99B8E with PID 11328 (E:\JavaApplication\IdeaProject\springboot\target\classes started by yangjun in E:\JavaApplication\IdeaProject\springboot)
2018-02-27 21:53:34.264 [main] INFO  com.spb.springboot.SpringbootApplication - No active profile set, falling back to default profiles: default
2018-02-27 21:53:34.308 [main] INFO  o.s.b.c.e.AnnotationConfigEmbeddedWebApplicationContext - Refreshing org.springframework.boot.context.embedded.AnnotationConfigEmbeddedWebApplicationContext@2b4c1d96: startup date [Tue Feb 27 21:53:34 CST 2018]; root of context hierarchy
2018-02-27 21:53:34.446 [background-preinit] INFO  org.hibernate.validator.internal.util.Version - HV000001: Hibernate Validator 5.3.6.Final
2018-02-27 21:53:35.524 [main] INFO  o.s.c.s.PostProcessorRegistrationDelegate$BeanPostProcessorChecker - Bean 'org.springframework.transaction.annotation.ProxyTransactionManagementConfiguration' of type [org.springframework.transaction.annotation.ProxyTransactionManagementConfiguration$$EnhancerBySpringCGLIB$$d24dea17] is not eligible for getting processed by all BeanPostProcessors (for example: not eligible for auto-proxying)
2018-02-27 21:53:35.926 [main] INFO  o.s.b.c.e.tomcat.TomcatEmbeddedServletContainer - Tomcat initialized with port(s): 8080 (http)
2018-02-27 21:53:35.934 [main] INFO  org.apache.catalina.core.StandardService - Starting service [Tomcat]
2018-02-27 21:53:35.935 [main] INFO  org.apache.catalina.core.StandardEngine - Starting Servlet Engine: Apache Tomcat/8.5.27
2018-02-27 21:53:36.277 [localhost-startStop-1] INFO  org.apache.jasper.servlet.TldScanner - At least one JAR was scanned for TLDs yet contained no TLDs. Enable debug logging for this logger for a complete list of JARs that were scanned but no TLDs were found in them. Skipping unneeded JARs during scanning can improve startup time and JSP compilation time.
2018-02-27 21:53:36.281 [localhost-startStop-1] INFO  o.a.c.core.ContainerBase.[Tomcat].[localhost].[/] - Initializing Spring embedded WebApplicationContext
2018-02-27 21:53:36.281 [localhost-startStop-1] INFO  org.springframework.web.context.ContextLoader - Root WebApplicationContext: initialization completed in 1973 ms
2018-02-27 21:53:36.596 [localhost-startStop-1] INFO  o.s.boot.web.servlet.ServletRegistrationBean - Mapping servlet: 'statViewServlet' to [/druid/*]
2018-02-27 21:53:36.598 [localhost-startStop-1] INFO  o.s.boot.web.servlet.ServletRegistrationBean - Mapping servlet: 'dispatcherServlet' to [/]
2018-02-27 21:53:36.598 [localhost-startStop-1] INFO  o.s.boot.web.servlet.ServletRegistrationBean - Mapping servlet: 'com.spb.springboot.servlet.TestServlet' to [/test2]
2018-02-27 21:53:36.602 [localhost-startStop-1] INFO  o.s.boot.web.servlet.FilterRegistrationBean - Mapping filter: 'characterEncodingFilter' to: [/*]
2018-02-27 21:53:36.603 [localhost-startStop-1] INFO  o.s.boot.web.servlet.FilterRegistrationBean - Mapping filter: 'hiddenHttpMethodFilter' to: [/*]
2018-02-27 21:53:36.603 [localhost-startStop-1] INFO  o.s.boot.web.servlet.FilterRegistrationBean - Mapping filter: 'httpPutFormContentFilter' to: [/*]
2018-02-27 21:53:36.603 [localhost-startStop-1] INFO  o.s.boot.web.servlet.FilterRegistrationBean - Mapping filter: 'requestContextFilter' to: [/*]
2018-02-27 21:53:36.603 [localhost-startStop-1] INFO  o.s.boot.web.servlet.FilterRegistrationBean - Mapping filter: 'webStatFilter' to urls: [/*]
2018-02-27 21:53:36.841 [main] INFO  o.s.orm.jpa.LocalContainerEntityManagerFactoryBean - Building JPA container EntityManagerFactory for persistence unit 'default'
2018-02-27 21:53:36.852 [main] INFO  org.hibernate.jpa.internal.util.LogHelper - HHH000204: Processing PersistenceUnitInfo [
	name: default
	...]
2018-02-27 21:53:36.918 [main] INFO  org.hibernate.Version - HHH000412: Hibernate Core {5.0.12.Final}
2018-02-27 21:53:36.920 [main] INFO  org.hibernate.cfg.Environment - HHH000206: hibernate.properties not found
2018-02-27 21:53:36.921 [main] INFO  org.hibernate.cfg.Environment - HHH000021: Bytecode provider name : javassist
2018-02-27 21:53:36.961 [main] INFO  org.hibernate.annotations.common.Version - HCANN000001: Hibernate Commons Annotations {5.0.1.Final}
2018-02-27 21:53:37.122 [main] INFO  com.alibaba.druid.pool.DruidDataSource - {dataSource-1} inited
2018-02-27 21:53:37.280 [main] INFO  org.hibernate.dialect.Dialect - HHH000400: Using dialect: org.hibernate.dialect.MySQL5Dialect
2018-02-27 21:53:37.825 [main] INFO  org.hibernate.tool.hbm2ddl.SchemaUpdate - HHH000228: Running hbm2ddl schema update
2018-02-27 21:53:38.193 [main] INFO  o.s.orm.jpa.LocalContainerEntityManagerFactoryBean - Initialized JPA EntityManagerFactory for persistence unit 'default'
2018-02-27 21:53:38.773 [main] INFO  o.s.w.s.m.m.a.RequestMappingHandlerAdapter - Looking for @ControllerAdvice: org.springframework.boot.context.embedded.AnnotationConfigEmbeddedWebApplicationContext@2b4c1d96: startup date [Tue Feb 27 21:53:34 CST 2018]; root of context hierarchy
2018-02-27 21:53:38.842 [main] INFO  o.s.w.s.m.m.a.RequestMappingHandlerMapping - Mapped "{[/hello],methods=[GET]}" onto public java.lang.String com.spb.springboot.controller.HelloWordController.index()
2018-02-27 21:53:38.843 [main] INFO  o.s.w.s.m.m.a.RequestMappingHandlerMapping - Mapped "{[/index],methods=[GET]}" onto public java.lang.String com.spb.springboot.controller.IndexController.index()
2018-02-27 21:53:38.845 [main] INFO  o.s.w.s.m.m.a.RequestMappingHandlerMapping - Mapped "{[/logger/getLogin],methods=[GET]}" onto public com.alibaba.fastjson.JSONObject com.spb.springboot.controller.LoggerController.login(javax.servlet.http.HttpServletRequest,java.lang.String) throws java.lang.Exception
2018-02-27 21:53:38.845 [main] INFO  o.s.w.s.m.m.a.RequestMappingHandlerMapping - Mapped "{[/fileupload],methods=[GET]}" onto public java.lang.String com.spb.springboot.filetools.UploadController.index()
2018-02-27 21:53:38.846 [main] INFO  o.s.w.s.m.m.a.RequestMappingHandlerMapping - Mapped "{[/uploads],methods=[POST]}" onto public java.lang.String com.spb.springboot.filetools.UploadController.uploads(javax.servlet.http.HttpServletRequest,org.springframework.web.multipart.MultipartFile[])
2018-02-27 21:53:38.846 [main] INFO  o.s.w.s.m.m.a.RequestMappingHandlerMapping - Mapped "{[/upload],methods=[POST]}" onto public java.lang.String com.spb.springboot.filetools.UploadController.upload(javax.servlet.http.HttpServletRequest,org.springframework.web.multipart.MultipartFile)
2018-02-27 21:53:38.847 [main] INFO  o.s.w.s.m.m.a.RequestMappingHandlerMapping - Mapped "{[/logback]}" onto public java.lang.String com.spb.springboot.logback.LogBackController.logBack()
2018-02-27 21:53:38.847 [main] INFO  o.s.w.s.m.m.a.RequestMappingHandlerMapping - Mapped "{[/test]}" onto public java.lang.String com.spb.springboot.logback.TestController.index()
2018-02-27 21:53:38.848 [main] INFO  o.s.w.s.m.m.a.RequestMappingHandlerMapping - Mapped "{[/user/test]}" onto public java.lang.String com.spb.springboot.usertools.LoginController.test(java.lang.String,java.lang.String)
2018-02-27 21:53:38.848 [main] INFO  o.s.w.s.m.m.a.RequestMappingHandlerMapping - Mapped "{[/user/login]}" onto public java.lang.String com.spb.springboot.usertools.LoginController.login(com.spb.springboot.usertools.UserEntity,javax.servlet.http.HttpServletRequest)
2018-02-27 21:53:38.850 [main] INFO  o.s.w.s.m.m.a.RequestMappingHandlerMapping - Mapped "{[/user/delete],methods=[GET]}" onto public java.util.List<com.spb.springboot.usertools.UserEntity> com.spb.springboot.usertools.UserController.delete(java.lang.Long)
2018-02-27 21:53:38.850 [main] INFO  o.s.w.s.m.m.a.RequestMappingHandlerMapping - Mapped "{[/user/list],methods=[GET]}" onto public java.util.List<com.spb.springboot.usertools.UserEntity> com.spb.springboot.usertools.UserController.list()
2018-02-27 21:53:38.850 [main] INFO  o.s.w.s.m.m.a.RequestMappingHandlerMapping - Mapped "{[/user/save],methods=[GET]}" onto public com.spb.springboot.usertools.UserEntity com.spb.springboot.usertools.UserController.save(com.spb.springboot.usertools.UserEntity)
2018-02-27 21:53:38.851 [main] INFO  o.s.w.s.m.m.a.RequestMappingHandlerMapping - Mapped "{[/user/index],methods=[GET]}" onto public java.lang.String com.spb.springboot.usertools.UserLoginController.index()
2018-02-27 21:53:38.851 [main] INFO  o.s.w.s.m.m.a.RequestMappingHandlerMapping - Mapped "{[/user/login_view],methods=[GET]}" onto public java.lang.String com.spb.springboot.usertools.UserLoginController.login_view()
2018-02-27 21:53:38.854 [main] INFO  o.s.w.s.m.m.a.RequestMappingHandlerMapping - Mapped "{[/error]}" onto public org.springframework.http.ResponseEntity<java.util.Map<java.lang.String, java.lang.Object>> org.springframework.boot.autoconfigure.web.BasicErrorController.error(javax.servlet.http.HttpServletRequest)
2018-02-27 21:53:38.854 [main] INFO  o.s.w.s.m.m.a.RequestMappingHandlerMapping - Mapped "{[/error],produces=[text/html]}" onto public org.springframework.web.servlet.ModelAndView org.springframework.boot.autoconfigure.web.BasicErrorController.errorHtml(javax.servlet.http.HttpServletRequest,javax.servlet.http.HttpServletResponse)
2018-02-27 21:53:38.886 [main] INFO  o.s.web.servlet.handler.SimpleUrlHandlerMapping - Mapped URL path [/spb/springboot/resources] onto handler of type [class org.springframework.web.servlet.resource.ResourceHttpRequestHandler]
2018-02-27 21:53:38.886 [main] INFO  o.s.web.servlet.handler.SimpleUrlHandlerMapping - Mapped URL path [/webjars/**] onto handler of type [class org.springframework.web.servlet.resource.ResourceHttpRequestHandler]
2018-02-27 21:53:38.886 [main] INFO  o.s.web.servlet.handler.SimpleUrlHandlerMapping - Mapped URL path [/**] onto handler of type [class org.springframework.web.servlet.resource.ResourceHttpRequestHandler]
2018-02-27 21:53:38.927 [main] INFO  o.s.web.servlet.handler.SimpleUrlHandlerMapping - Mapped URL path [/**/favicon.ico] onto handler of type [class org.springframework.web.servlet.resource.ResourceHttpRequestHandler]
2018-02-27 21:53:39.319 [main] INFO  o.s.jmx.export.annotation.AnnotationMBeanExporter - Registering beans for JMX exposure on startup
2018-02-27 21:53:39.320 [main] INFO  o.s.jmx.export.annotation.AnnotationMBeanExporter - Bean with name 'dataSource' has been autodetected for JMX exposure
2018-02-27 21:53:39.325 [main] INFO  o.s.jmx.export.annotation.AnnotationMBeanExporter - Located MBean 'dataSource': registering with JMX server as MBean [com.alibaba.druid.pool:name=dataSource,type=DruidDataSource]
2018-02-27 21:53:39.338 [main] INFO  org.apache.coyote.http11.Http11NioProtocol - Initializing ProtocolHandler ["http-nio-8080"]
2018-02-27 21:53:39.344 [main] INFO  org.apache.coyote.http11.Http11NioProtocol - Starting ProtocolHandler ["http-nio-8080"]
2018-02-27 21:53:39.357 [main] INFO  org.apache.tomcat.util.net.NioSelectorPool - Using a shared selector for servlet write/read
2018-02-27 21:53:39.385 [main] INFO  o.s.b.c.e.tomcat.TomcatEmbeddedServletContainer - Tomcat started on port(s): 8080 (http)
2018-02-27 21:53:39.389 [main] INFO  com.spb.springboot.SpringbootApplication - Started SpringbootApplication in 5.434 seconds (JVM running for 6.178)
2018-02-27 21:54:00.500 [http-nio-8080-exec-1] INFO  o.a.c.core.ContainerBase.[Tomcat].[localhost].[/] - Initializing Spring FrameworkServlet 'dispatcherServlet'
2018-02-27 21:54:00.500 [http-nio-8080-exec-1] INFO  org.springframework.web.servlet.DispatcherServlet - FrameworkServlet 'dispatcherServlet': initialization started
2018-02-27 21:54:00.531 [http-nio-8080-exec-1] INFO  org.springframework.web.servlet.DispatcherServlet - FrameworkServlet 'dispatcherServlet': initialization completed in 31 ms
2018-02-27 21:54:08.831 [http-nio-8080-exec-3] INFO  o.h.hql.internal.QueryTranslatorFactoryInitiator - HHH000397: Using ASTQueryTranslatorFactory
2018-02-27 21:54:48.775 [main] INFO  com.spb.springboot.SpringbootApplication - Starting SpringbootApplication on DESKTOP-AK99B8E with PID 13832 (E:\JavaApplication\IdeaProject\springboot\target\classes started by yangjun in E:\JavaApplication\IdeaProject\springboot)
2018-02-27 21:54:48.778 [main] INFO  com.spb.springboot.SpringbootApplication - No active profile set, falling back to default profiles: default
2018-02-27 21:54:48.839 [main] INFO  o.s.b.c.e.AnnotationConfigEmbeddedWebApplicationContext - Refreshing org.springframework.boot.context.embedded.AnnotationConfigEmbeddedWebApplicationContext@2826f61: startup date [Tue Feb 27 21:54:48 CST 2018]; root of context hierarchy
2018-02-27 21:54:49.266 [background-preinit] INFO  org.hibernate.validator.internal.util.Version - HV000001: Hibernate Validator 5.3.6.Final
2018-02-27 21:54:50.081 [main] INFO  o.s.c.s.PostProcessorRegistrationDelegate$BeanPostProcessorChecker - Bean 'org.springframework.transaction.annotation.ProxyTransactionManagementConfiguration' of type [org.springframework.transaction.annotation.ProxyTransactionManagementConfiguration$$EnhancerBySpringCGLIB$$796087ab] is not eligible for getting processed by all BeanPostProcessors (for example: not eligible for auto-proxying)
2018-02-27 21:54:50.586 [main] INFO  o.s.b.c.e.tomcat.TomcatEmbeddedServletContainer - Tomcat initialized with port(s): 8080 (http)
2018-02-27 21:54:50.594 [main] INFO  org.apache.catalina.core.StandardService - Starting service [Tomcat]
2018-02-27 21:54:50.595 [main] INFO  org.apache.catalina.core.StandardEngine - Starting Servlet Engine: Apache Tomcat/8.5.27
2018-02-27 21:54:50.933 [localhost-startStop-1] INFO  org.apache.jasper.servlet.TldScanner - At least one JAR was scanned for TLDs yet contained no TLDs. Enable debug logging for this logger for a complete list of JARs that were scanned but no TLDs were found in them. Skipping unneeded JARs during scanning can improve startup time and JSP compilation time.
2018-02-27 21:54:50.937 [localhost-startStop-1] INFO  o.a.c.core.ContainerBase.[Tomcat].[localhost].[/] - Initializing Spring embedded WebApplicationContext
2018-02-27 21:54:50.937 [localhost-startStop-1] INFO  org.springframework.web.context.ContextLoader - Root WebApplicationContext: initialization completed in 2098 ms
2018-02-27 21:54:51.160 [localhost-startStop-1] INFO  o.s.boot.web.servlet.ServletRegistrationBean - Mapping servlet: 'statViewServlet' to [/druid/*]
2018-02-27 21:54:51.162 [localhost-startStop-1] INFO  o.s.boot.web.servlet.ServletRegistrationBean - Mapping servlet: 'dispatcherServlet' to [/]
2018-02-27 21:54:51.162 [localhost-startStop-1] INFO  o.s.boot.web.servlet.ServletRegistrationBean - Mapping servlet: 'com.spb.springboot.servlet.TestServlet' to [/test2]
2018-02-27 21:54:51.166 [localhost-startStop-1] INFO  o.s.boot.web.servlet.FilterRegistrationBean - Mapping filter: 'characterEncodingFilter' to: [/*]
2018-02-27 21:54:51.167 [localhost-startStop-1] INFO  o.s.boot.web.servlet.FilterRegistrationBean - Mapping filter: 'hiddenHttpMethodFilter' to: [/*]
2018-02-27 21:54:51.167 [localhost-startStop-1] INFO  o.s.boot.web.servlet.FilterRegistrationBean - Mapping filter: 'httpPutFormContentFilter' to: [/*]
2018-02-27 21:54:51.167 [localhost-startStop-1] INFO  o.s.boot.web.servlet.FilterRegistrationBean - Mapping filter: 'requestContextFilter' to: [/*]
2018-02-27 21:54:51.167 [localhost-startStop-1] INFO  o.s.boot.web.servlet.FilterRegistrationBean - Mapping filter: 'webStatFilter' to urls: [/*]
2018-02-27 21:54:51.383 [main] INFO  o.s.orm.jpa.LocalContainerEntityManagerFactoryBean - Building JPA container EntityManagerFactory for persistence unit 'default'
2018-02-27 21:54:51.394 [main] INFO  org.hibernate.jpa.internal.util.LogHelper - HHH000204: Processing PersistenceUnitInfo [
	name: default
	...]
2018-02-27 21:54:51.456 [main] INFO  org.hibernate.Version - HHH000412: Hibernate Core {5.0.12.Final}
2018-02-27 21:54:51.458 [main] INFO  org.hibernate.cfg.Environment - HHH000206: hibernate.properties not found
2018-02-27 21:54:51.459 [main] INFO  org.hibernate.cfg.Environment - HHH000021: Bytecode provider name : javassist
2018-02-27 21:54:51.500 [main] INFO  org.hibernate.annotations.common.Version - HCANN000001: Hibernate Commons Annotations {5.0.1.Final}
2018-02-27 21:54:51.627 [main] INFO  com.alibaba.druid.pool.DruidDataSource - {dataSource-1} inited
2018-02-27 21:54:51.779 [main] INFO  org.hibernate.dialect.Dialect - HHH000400: Using dialect: org.hibernate.dialect.MySQL5Dialect
2018-02-27 21:54:52.172 [main] INFO  org.hibernate.tool.hbm2ddl.SchemaUpdate - HHH000228: Running hbm2ddl schema update
2018-02-27 21:54:52.543 [main] INFO  o.s.orm.jpa.LocalContainerEntityManagerFactoryBean - Initialized JPA EntityManagerFactory for persistence unit 'default'
2018-02-27 21:54:53.319 [main] INFO  o.s.w.s.m.m.a.RequestMappingHandlerAdapter - Looking for @ControllerAdvice: org.springframework.boot.context.embedded.AnnotationConfigEmbeddedWebApplicationContext@2826f61: startup date [Tue Feb 27 21:54:48 CST 2018]; root of context hierarchy
2018-02-27 21:54:53.390 [main] INFO  o.s.w.s.m.m.a.RequestMappingHandlerMapping - Mapped "{[/hello],methods=[GET]}" onto public java.lang.String com.spb.springboot.controller.HelloWordController.index()
2018-02-27 21:54:53.391 [main] INFO  o.s.w.s.m.m.a.RequestMappingHandlerMapping - Mapped "{[/index],methods=[GET]}" onto public java.lang.String com.spb.springboot.controller.IndexController.index()
2018-02-27 21:54:53.393 [main] INFO  o.s.w.s.m.m.a.RequestMappingHandlerMapping - Mapped "{[/logger/getLogin],methods=[GET]}" onto public com.alibaba.fastjson.JSONObject com.spb.springboot.controller.LoggerController.login(javax.servlet.http.HttpServletRequest,java.lang.String) throws java.lang.Exception
2018-02-27 21:54:53.394 [main] INFO  o.s.w.s.m.m.a.RequestMappingHandlerMapping - Mapped "{[/fileupload],methods=[GET]}" onto public java.lang.String com.spb.springboot.filetools.UploadController.index()
2018-02-27 21:54:53.394 [main] INFO  o.s.w.s.m.m.a.RequestMappingHandlerMapping - Mapped "{[/uploads],methods=[POST]}" onto public java.lang.String com.spb.springboot.filetools.UploadController.uploads(javax.servlet.http.HttpServletRequest,org.springframework.web.multipart.MultipartFile[])
2018-02-27 21:54:53.394 [main] INFO  o.s.w.s.m.m.a.RequestMappingHandlerMapping - Mapped "{[/upload],methods=[POST]}" onto public java.lang.String com.spb.springboot.filetools.UploadController.upload(javax.servlet.http.HttpServletRequest,org.springframework.web.multipart.MultipartFile)
2018-02-27 21:54:53.395 [main] INFO  o.s.w.s.m.m.a.RequestMappingHandlerMapping - Mapped "{[/logback]}" onto public java.lang.String com.spb.springboot.logback.LogBackController.logBack()
2018-02-27 21:54:53.395 [main] INFO  o.s.w.s.m.m.a.RequestMappingHandlerMapping - Mapped "{[/test1]}" onto public java.lang.String com.spb.springboot.logback.TestController.index()
2018-02-27 21:54:53.396 [main] INFO  o.s.w.s.m.m.a.RequestMappingHandlerMapping - Mapped "{[/user/test]}" onto public java.lang.String com.spb.springboot.usertools.LoginController.test(java.lang.String,java.lang.String)
2018-02-27 21:54:53.396 [main] INFO  o.s.w.s.m.m.a.RequestMappingHandlerMapping - Mapped "{[/user/login]}" onto public java.lang.String com.spb.springboot.usertools.LoginController.login(com.spb.springboot.usertools.UserEntity,javax.servlet.http.HttpServletRequest)
2018-02-27 21:54:53.397 [main] INFO  o.s.w.s.m.m.a.RequestMappingHandlerMapping - Mapped "{[/user/delete],methods=[GET]}" onto public java.util.List<com.spb.springboot.usertools.UserEntity> com.spb.springboot.usertools.UserController.delete(java.lang.Long)
2018-02-27 21:54:53.397 [main] INFO  o.s.w.s.m.m.a.RequestMappingHandlerMapping - Mapped "{[/user/list],methods=[GET]}" onto public java.util.List<com.spb.springboot.usertools.UserEntity> com.spb.springboot.usertools.UserController.list()
2018-02-27 21:54:53.397 [main] INFO  o.s.w.s.m.m.a.RequestMappingHandlerMapping - Mapped "{[/user/save],methods=[GET]}" onto public com.spb.springboot.usertools.UserEntity com.spb.springboot.usertools.UserController.save(com.spb.springboot.usertools.UserEntity)
2018-02-27 21:54:53.398 [main] INFO  o.s.w.s.m.m.a.RequestMappingHandlerMapping - Mapped "{[/user/index],methods=[GET]}" onto public java.lang.String com.spb.springboot.usertools.UserLoginController.index()
2018-02-27 21:54:53.398 [main] INFO  o.s.w.s.m.m.a.RequestMappingHandlerMapping - Mapped "{[/user/login_view],methods=[GET]}" onto public java.lang.String com.spb.springboot.usertools.UserLoginController.login_view()
2018-02-27 21:54:53.401 [main] INFO  o.s.w.s.m.m.a.RequestMappingHandlerMapping - Mapped "{[/error]}" onto public org.springframework.http.ResponseEntity<java.util.Map<java.lang.String, java.lang.Object>> org.springframework.boot.autoconfigure.web.BasicErrorController.error(javax.servlet.http.HttpServletRequest)
2018-02-27 21:54:53.401 [main] INFO  o.s.w.s.m.m.a.RequestMappingHandlerMapping - Mapped "{[/error],produces=[text/html]}" onto public org.springframework.web.servlet.ModelAndView org.springframework.boot.autoconfigure.web.BasicErrorController.errorHtml(javax.servlet.http.HttpServletRequest,javax.servlet.http.HttpServletResponse)
2018-02-27 21:54:53.433 [main] INFO  o.s.web.servlet.handler.SimpleUrlHandlerMapping - Mapped URL path [/spb/springboot/resources] onto handler of type [class org.springframework.web.servlet.resource.ResourceHttpRequestHandler]
2018-02-27 21:54:53.433 [main] INFO  o.s.web.servlet.handler.SimpleUrlHandlerMapping - Mapped URL path [/webjars/**] onto handler of type [class org.springframework.web.servlet.resource.ResourceHttpRequestHandler]
2018-02-27 21:54:53.433 [main] INFO  o.s.web.servlet.handler.SimpleUrlHandlerMapping - Mapped URL path [/**] onto handler of type [class org.springframework.web.servlet.resource.ResourceHttpRequestHandler]
2018-02-27 21:54:53.476 [main] INFO  o.s.web.servlet.handler.SimpleUrlHandlerMapping - Mapped URL path [/**/favicon.ico] onto handler of type [class org.springframework.web.servlet.resource.ResourceHttpRequestHandler]
2018-02-27 21:54:53.864 [main] INFO  o.s.jmx.export.annotation.AnnotationMBeanExporter - Registering beans for JMX exposure on startup
2018-02-27 21:54:53.866 [main] INFO  o.s.jmx.export.annotation.AnnotationMBeanExporter - Bean with name 'dataSource' has been autodetected for JMX exposure
2018-02-27 21:54:53.870 [main] INFO  o.s.jmx.export.annotation.AnnotationMBeanExporter - Located MBean 'dataSource': registering with JMX server as MBean [com.alibaba.druid.pool:name=dataSource,type=DruidDataSource]
2018-02-27 21:54:53.881 [main] INFO  org.apache.coyote.http11.Http11NioProtocol - Initializing ProtocolHandler ["http-nio-8080"]
2018-02-27 21:54:53.889 [main] INFO  org.apache.coyote.http11.Http11NioProtocol - Starting ProtocolHandler ["http-nio-8080"]
2018-02-27 21:54:53.902 [main] INFO  org.apache.tomcat.util.net.NioSelectorPool - Using a shared selector for servlet write/read
2018-02-27 21:54:53.938 [main] INFO  o.s.b.c.e.tomcat.TomcatEmbeddedServletContainer - Tomcat started on port(s): 8080 (http)
2018-02-27 21:54:53.943 [main] INFO  com.spb.springboot.SpringbootApplication - Started SpringbootApplication in 5.473 seconds (JVM running for 6.191)
2018-02-27 21:55:30.666 [http-nio-8080-exec-3] INFO  o.a.c.core.ContainerBase.[Tomcat].[localhost].[/] - Initializing Spring FrameworkServlet 'dispatcherServlet'
2018-02-27 21:55:30.666 [http-nio-8080-exec-3] INFO  org.springframework.web.servlet.DispatcherServlet - FrameworkServlet 'dispatcherServlet': initialization started
2018-02-27 21:55:30.700 [http-nio-8080-exec-3] INFO  org.springframework.web.servlet.DispatcherServlet - FrameworkServlet 'dispatcherServlet': initialization completed in 34 ms
